<?xml version="1.0" encoding="UTF-8"?>
<!-- Generated by org.testng.reporters.JUnitReportReporter -->
<testsuite skipped="1" hostname="LAPTOP-D0CIFDTL" name="softwareTestingMaterial.ExampleTest2" tests="2" failures="0" timestamp="2022-11-25T09:38:45 IST" time="0.210" errors="0">
  <testcase name="verifyTitle" time="0.210" classname="softwareTestingMaterial.ExampleTest2"/>
  <system-out/>
  <testcase name="verifyLogo" classname="softwareTestingMaterial.ExampleTest2">
    <skipped/>
  </testcase> <!-- verifyLogo -->
  <system-out/>
</testsuite> <!-- softwareTestingMaterial.ExampleTest2 -->
