<?xml version="1.0" encoding="UTF-8"?>
<!-- Generated by org.testng.reporters.JUnitReportReporter -->
<testsuite skipped="1" hostname="LAPTOP-D0CIFDTL" name="mukeshOtwani.ExtentReportDemo" tests="2" failures="0" timestamp="2022-11-25T09:36:50 IST" time="10.111" errors="0">
  <testcase name="f1" time="10.111" classname="mukeshOtwani.ExtentReportDemo"/>
  <system-out/>
  <testcase name="f" classname="mukeshOtwani.ExtentReportDemo">
    <skipped/>
  </testcase> <!-- f -->
  <system-out/>
</testsuite> <!-- mukeshOtwani.ExtentReportDemo -->
