<?xml version="1.0" encoding="UTF-8"?>
<!-- Generated by org.testng.reporters.JUnitReportReporter -->
<testsuite skipped="0" hostname="LAPTOP-D0CIFDTL" name="sdet.TestClass" tests="1" failures="0" timestamp="2022-11-25T09:15:52 IST" time="8.799" errors="0">
  <testcase name="f" time="8.799" classname="sdet.TestClass"/>
  <system-out/>
</testsuite> <!-- sdet.TestClass -->
